<?xml version="1.0" encoding="UTF-8"?>
<coverage generated="1777216483706" clover="3.2.0">
  <project timestamp="1777216483706" name="All files">
    <metrics statements="27" coveredstatements="27" conditionals="16" coveredconditionals="13" methods="14" coveredmethods="14" elements="57" coveredelements="54" complexity="0" loc="27" ncloc="27" packages="2" files="3" classes="3"/>
    <package name="hooks">
      <metrics statements="10" coveredstatements="10" conditionals="6" coveredconditionals="5" methods="9" coveredmethods="9"/>
      <file name="useHabitStore.js" path="D:\den\уник\ПИ\lab3\src\hooks\useHabitStore.js">
        <metrics statements="10" coveredstatements="10" conditionals="6" coveredconditionals="5" methods="9" coveredmethods="9"/>
        <line num="4" count="1" type="stmt"/>
        <line num="6" count="1" type="stmt"/>
        <line num="10" count="2" type="stmt"/>
        <line num="14" count="1" type="stmt"/>
        <line num="16" count="1" type="cond" truecount="1" falsecount="1"/>
        <line num="22" count="4" type="stmt"/>
        <line num="23" count="4" type="cond" truecount="2" falsecount="0"/>
        <line num="24" count="4" type="stmt"/>
        <line num="26" count="4" type="stmt"/>
        <line num="31" count="1" type="stmt"/>
      </file>
    </package>
    <package name="utils">
      <metrics statements="17" coveredstatements="17" conditionals="10" coveredconditionals="8" methods="5" coveredmethods="5"/>
      <file name="formatTimestamp.js" path="D:\den\уник\ПИ\lab3\src\utils\formatTimestamp.js">
        <metrics statements="2" coveredstatements="2" conditionals="0" coveredconditionals="0" methods="1" coveredmethods="1"/>
        <line num="1" count="1" type="stmt"/>
        <line num="2" count="2" type="stmt"/>
      </file>
      <file name="habitUtils.js" path="D:\den\уник\ПИ\lab3\src\utils\habitUtils.js">
        <metrics statements="15" coveredstatements="15" conditionals="10" coveredconditionals="8" methods="4" coveredmethods="4"/>
        <line num="1" count="1" type="stmt"/>
        <line num="2" count="11" type="stmt"/>
        <line num="3" count="11" type="cond" truecount="2" falsecount="0"/>
        <line num="4" count="14" type="stmt"/>
        <line num="6" count="11" type="cond" truecount="2" falsecount="0"/>
        <line num="7" count="7" type="cond" truecount="2" falsecount="0"/>
        <line num="8" count="3" type="stmt"/>
        <line num="11" count="1" type="stmt"/>
        <line num="12" count="3" type="stmt"/>
        <line num="13" count="3" type="stmt"/>
        <line num="19" count="3" type="cond" truecount="1" falsecount="1"/>
        <line num="22" count="1" type="stmt"/>
        <line num="23" count="3" type="stmt"/>
        <line num="24" count="3" type="stmt"/>
        <line num="30" count="3" type="cond" truecount="1" falsecount="1"/>
      </file>
    </package>
  </project>
</coverage>
