{"D:\\den\\уник\\ПИ\\lab3\\src\\hooks\\useHabitStore.js": {"path":"D:\\den\\уник\\ПИ\\lab3\\src\\hooks\\useHabitStore.js","statementMap":{"0":{"start":{"line":4,"column":13},"end":{"line":39,"column":null}},"1":{"start":{"line":6,"column":10},"end":{"line":36,"column":null}},"2":{"start":{"line":10,"column":22},"end":{"line":12,"column":6}},"3":{"start":{"line":10,"column":36},"end":{"line":11,"column":null}},"4":{"start":{"line":14,"column":22},"end":{"line":20,"column":6}},"5":{"start":{"line":14,"column":36},"end":{"line":19,"column":null}},"6":{"start":{"line":16,"column":5},"end":{"line":18,"column":null}},"7":{"start":{"line":22,"column":38},"end":{"line":34,"column":null}},"8":{"start":{"line":23,"column":23},"end":{"line":23,"column":51}},"9":{"start":{"line":24,"column":24},"end":{"line":24,"column":52}},"10":{"start":{"line":26,"column":4},"end":{"line":34,"column":null}},"11":{"start":{"line":31,"column":33},"end":{"line":31,"column":48}}},"fnMap":{"0":{"name":"(anonymous_0)","decl":{"start":{"line":5,"column":1},"end":{"line":5,"column":null}},"loc":{"start":{"line":6,"column":10},"end":{"line":36,"column":null}},"line":6},"1":{"name":"(anonymous_1)","decl":{"start":{"line":10,"column":3},"end":{"line":10,"column":13}},"loc":{"start":{"line":10,"column":22},"end":{"line":12,"column":6}},"line":10},"2":{"name":"(anonymous_2)","decl":{"start":{"line":10,"column":22},"end":{"line":10,"column":26}},"loc":{"start":{"line":10,"column":36},"end":{"line":11,"column":null}},"line":10},"3":{"name":"(anonymous_3)","decl":{"start":{"line":14,"column":3},"end":{"line":14,"column":16}},"loc":{"start":{"line":14,"column":22},"end":{"line":20,"column":6}},"line":14},"4":{"name":"(anonymous_4)","decl":{"start":{"line":14,"column":22},"end":{"line":14,"column":26}},"loc":{"start":{"line":14,"column":36},"end":{"line":19,"column":null}},"line":14},"5":{"name":"(anonymous_5)","decl":{"start":{"line":15,"column":25},"end":{"line":15,"column":29}},"loc":{"start":{"line":16,"column":5},"end":{"line":18,"column":null}},"line":16},"6":{"name":"(anonymous_6)","decl":{"start":{"line":22,"column":3},"end":{"line":22,"column":17}},"loc":{"start":{"line":22,"column":38},"end":{"line":34,"column":null}},"line":22},"7":{"name":"(anonymous_7)","decl":{"start":{"line":22,"column":38},"end":{"line":22,"column":42}},"loc":{"start":{"line":22,"column":51},"end":{"line":34,"column":null}},"line":22},"8":{"name":"(anonymous_8)","decl":{"start":{"line":31,"column":20},"end":{"line":31,"column":27}},"loc":{"start":{"line":31,"column":33},"end":{"line":31,"column":48}},"line":31}},"branchMap":{"0":{"loc":{"start":{"line":16,"column":5},"end":{"line":18,"column":null}},"type":"cond-expr","locations":[{"start":{"line":17,"column":8},"end":{"line":17,"column":null}},{"start":{"line":18,"column":8},"end":{"line":18,"column":null}}],"line":16},"1":{"loc":{"start":{"line":23,"column":23},"end":{"line":23,"column":51}},"type":"binary-expr","locations":[{"start":{"line":23,"column":23},"end":{"line":23,"column":49}},{"start":{"line":23,"column":49},"end":{"line":23,"column":51}}],"line":23},"2":{"loc":{"start":{"line":30,"column":17},"end":{"line":32,"column":null}},"type":"cond-expr","locations":[{"start":{"line":31,"column":9},"end":{"line":31,"column":48}},{"start":{"line":32,"column":9},"end":{"line":32,"column":null}}],"line":30}},"s":{"0":1,"1":1,"2":2,"3":2,"4":1,"5":1,"6":1,"7":4,"8":4,"9":4,"10":4,"11":1},"f":{"0":1,"1":2,"2":2,"3":1,"4":1,"5":1,"6":4,"7":4,"8":1},"b":{"0":[1,0],"1":[4,2],"2":[1,3]},"meta":{"lastBranch":3,"lastFunction":9,"lastStatement":12,"seen":{"s:4:13:39:Infinity":0,"f:5:1:5:Infinity":0,"s:6:10:36:Infinity":1,"f:10:3:10:13":1,"s:10:22:12:6":2,"f:10:22:10:26":2,"s:10:36:11:Infinity":3,"f:14:3:14:16":3,"s:14:22:20:6":4,"f:14:22:14:26":4,"s:14:36:19:Infinity":5,"f:15:25:15:29":5,"s:16:5:18:Infinity":6,"b:17:8:17:Infinity:18:8:18:Infinity":0,"f:22:3:22:17":6,"s:22:38:34:Infinity":7,"f:22:38:22:42":7,"s:23:23:23:51":8,"b:23:23:23:49:23:49:23:51":1,"s:24:24:24:52":9,"s:26:4:34:Infinity":10,"b:31:9:31:48:32:9:32:Infinity":2,"f:31:20:31:27":8,"s:31:33:31:48":11}}}
,"D:\\den\\уник\\ПИ\\lab3\\src\\utils\\formatTimestamp.js": {"path":"D:\\den\\уник\\ПИ\\lab3\\src\\utils\\formatTimestamp.js","statementMap":{"0":{"start":{"line":1,"column":13},"end":{"line":8,"column":null}},"1":{"start":{"line":2,"column":1},"end":{"line":8,"column":null}}},"fnMap":{"0":{"name":"(anonymous_0)","decl":{"start":{"line":1,"column":13},"end":{"line":1,"column":31}},"loc":{"start":{"line":1,"column":44},"end":{"line":8,"column":null}},"line":1}},"branchMap":{},"s":{"0":1,"1":2},"f":{"0":2},"b":{},"meta":{"lastBranch":0,"lastFunction":1,"lastStatement":2,"seen":{"s:1:13:8:Infinity":0,"f:1:13:1:31":0,"s:2:1:8:Infinity":1}}}
,"D:\\den\\уник\\ПИ\\lab3\\src\\utils\\habitUtils.js": {"path":"D:\\den\\уник\\ПИ\\lab3\\src\\utils\\habitUtils.js","statementMap":{"0":{"start":{"line":1,"column":13},"end":{"line":8,"column":null}},"1":{"start":{"line":2,"column":17},"end":{"line":2,"column":42}},"2":{"start":{"line":3,"column":7},"end":{"line":3,"column":null}},"3":{"start":{"line":4,"column":15},"end":{"line":4,"column":null}},"4":{"start":{"line":4,"column":34},"end":{"line":4,"column":47}},"5":{"start":{"line":6,"column":1},"end":{"line":6,"column":null}},"6":{"start":{"line":6,"column":21},"end":{"line":6,"column":null}},"7":{"start":{"line":7,"column":1},"end":{"line":7,"column":null}},"8":{"start":{"line":7,"column":25},"end":{"line":7,"column":null}},"9":{"start":{"line":8,"column":1},"end":{"line":8,"column":null}},"10":{"start":{"line":11,"column":13},"end":{"line":19,"column":null}},"11":{"start":{"line":12,"column":16},"end":{"line":12,"column":51}},"12":{"start":{"line":13,"column":16},"end":{"line":17,"column":null}},"13":{"start":{"line":19,"column":1},"end":{"line":19,"column":null}},"14":{"start":{"line":22,"column":13},"end":{"line":30,"column":null}},"15":{"start":{"line":23,"column":16},"end":{"line":23,"column":51}},"16":{"start":{"line":24,"column":16},"end":{"line":28,"column":null}},"17":{"start":{"line":30,"column":1},"end":{"line":30,"column":null}}},"fnMap":{"0":{"name":"(anonymous_0)","decl":{"start":{"line":1,"column":13},"end":{"line":1,"column":29}},"loc":{"start":{"line":1,"column":55},"end":{"line":8,"column":null}},"line":1},"1":{"name":"(anonymous_1)","decl":{"start":{"line":4,"column":22},"end":{"line":4,"column":29}},"loc":{"start":{"line":4,"column":34},"end":{"line":4,"column":47}},"line":4},"2":{"name":"(anonymous_2)","decl":{"start":{"line":11,"column":13},"end":{"line":11,"column":28}},"loc":{"start":{"line":11,"column":54},"end":{"line":19,"column":null}},"line":11},"3":{"name":"(anonymous_3)","decl":{"start":{"line":22,"column":13},"end":{"line":22,"column":28}},"loc":{"start":{"line":22,"column":54},"end":{"line":30,"column":null}},"line":22}},"branchMap":{"0":{"loc":{"start":{"line":3,"column":20},"end":{"line":3,"column":42}},"type":"binary-expr","locations":[{"start":{"line":3,"column":20},"end":{"line":3,"column":40}},{"start":{"line":3,"column":40},"end":{"line":3,"column":42}}],"line":3},"1":{"loc":{"start":{"line":6,"column":1},"end":{"line":6,"column":null}},"type":"if","locations":[{"start":{"line":6,"column":1},"end":{"line":6,"column":null}},{"start":{},"end":{}}],"line":6},"2":{"loc":{"start":{"line":7,"column":1},"end":{"line":7,"column":null}},"type":"if","locations":[{"start":{"line":7,"column":1},"end":{"line":7,"column":null}},{"start":{},"end":{}}],"line":7},"3":{"loc":{"start":{"line":19,"column":8},"end":{"line":19,"column":null}},"type":"binary-expr","locations":[{"start":{"line":19,"column":8},"end":{"line":19,"column":26}},{"start":{"line":19,"column":26},"end":{"line":19,"column":null}}],"line":19},"4":{"loc":{"start":{"line":30,"column":8},"end":{"line":30,"column":null}},"type":"binary-expr","locations":[{"start":{"line":30,"column":8},"end":{"line":30,"column":26}},{"start":{"line":30,"column":26},"end":{"line":30,"column":null}}],"line":30}},"s":{"0":1,"1":11,"2":11,"3":11,"4":14,"5":11,"6":4,"7":7,"8":4,"9":3,"10":1,"11":3,"12":3,"13":3,"14":1,"15":3,"16":3,"17":3},"f":{"0":11,"1":14,"2":3,"3":3},"b":{"0":[11,2],"1":[4,7],"2":[4,3],"3":[3,0],"4":[3,0]},"meta":{"lastBranch":5,"lastFunction":4,"lastStatement":18,"seen":{"s:1:13:8:Infinity":0,"f:1:13:1:29":0,"s:2:17:2:42":1,"s:3:7:3:Infinity":2,"b:3:20:3:40:3:40:3:42":0,"s:4:15:4:Infinity":3,"f:4:22:4:29":1,"s:4:34:4:47":4,"b:6:1:6:Infinity:undefined:undefined:undefined:undefined":1,"s:6:1:6:Infinity":5,"s:6:21:6:Infinity":6,"b:7:1:7:Infinity:undefined:undefined:undefined:undefined":2,"s:7:1:7:Infinity":7,"s:7:25:7:Infinity":8,"s:8:1:8:Infinity":9,"s:11:13:19:Infinity":10,"f:11:13:11:28":2,"s:12:16:12:51":11,"s:13:16:17:Infinity":12,"s:19:1:19:Infinity":13,"b:19:8:19:26:19:26:19:Infinity":3,"s:22:13:30:Infinity":14,"f:22:13:22:28":3,"s:23:16:23:51":15,"s:24:16:28:Infinity":16,"s:30:1:30:Infinity":17,"b:30:8:30:26:30:26:30:Infinity":4}}}
}
